<?xml version="1.0" encoding="UTF-8"?>
<!-- Generated by org.testng.reporters.JUnitReportReporter -->
<testsuite hostname="Priya" failures="1" tests="2" name="TestRunner.TestRunner" time="17.639" errors="0" timestamp="2025-08-06T10:59:51 IST" skipped="0">
  <testcase classname="TestRunner.TestRunner" name="runScenario" time="6.690"/>
  <testcase classname="TestRunner.TestRunner" name="runScenario" time="10.949">
    <failure message="expected:&lt;...unt Has Been Created[7]!&gt; but was:&lt;...unt Has Been Created[]!&gt;" type="org.junit.ComparisonFailure">
      <![CDATA[org.junit.ComparisonFailure: expected:<...unt Has Been Created[7]!> but was:<...unt Has Been Created[]!>
at org.junit.Assert.assertEquals(Assert.java:117)
at org.junit.Assert.assertEquals(Assert.java:146)
at StepDefinition.RegisterTest.user_registration_should_be_complete(RegisterTest.java:82)
at ✽.User registration should be complete(file:///C:/Users/mohan/eclipse-workspace/eclipseprogram/eclipseprogram/Testcucumber/Features/Register.feature:18)
]]>
    </failure>
  </testcase> <!-- runScenario -->
</testsuite> <!-- TestRunner.TestRunner -->
