<?xml version="1.0" encoding="UTF-8"?>
<!-- Generated by org.testng.reporters.JUnitXMLReporter -->
<testsuite ignored="0" hostname="Priya" failures="1" tests="2" name="Cucumber Scenarios" time="23.782" errors="0" timestamp="2025-08-06T10:59:51 IST">
  <testcase classname="io.cucumber.testng.AbstractTestNGCucumberTests" name="runScenario" time="10.949">
    <failure type="org.junit.ComparisonFailure" message="expected:&amp;lt;...unt Has Been Created[7]!&amp;gt; but was:&amp;lt;...unt Has Been Created[]!&amp;gt;">
      <![CDATA[org.junit.ComparisonFailure: expected:<...unt Has Been Created[7]!> but was:<...unt Has Been Created[]!>
at org.junit.Assert.assertEquals(Assert.java:117)
at org.junit.Assert.assertEquals(Assert.java:146)
at StepDefinition.RegisterTest.user_registration_should_be_complete(RegisterTest.java:82)
at ✽.User registration should be complete(file:///C:/Users/mohan/eclipse-workspace/eclipseprogram/eclipseprogram/Testcucumber/Features/Register.feature:18)
]]>
    </failure>
  </testcase> <!-- runScenario -->
  <testcase classname="io.cucumber.testng.AbstractTestNGCucumberTests" name="runScenario" time="6.69"/>
</testsuite> <!-- Cucumber Scenarios -->
